Determining if the pthread_create exist failed with the following output:
Change Dir: /home/freviriego/MAGVD_SLAM/Examples/ROS/ORB_SLAM2/build/CMakeFiles/CMakeTmp

Run Build Command:"/usr/bin/make" "cmTC_203f0/fast"
/usr/bin/make -f CMakeFiles/cmTC_203f0.dir/build.make CMakeFiles/cmTC_203f0.dir/build
make[1]: se entra en el directorio '/home/freviriego/MAGVD_SLAM/Examples/ROS/ORB_SLAM2/build/CMakeFiles/CMakeTmp'
Building C object CMakeFiles/cmTC_203f0.dir/CheckSymbolExists.c.o
/usr/bin/cc    -o CMakeFiles/cmTC_203f0.dir/CheckSymbolExists.c.o   -c /home/freviriego/MAGVD_SLAM/Examples/ROS/ORB_SLAM2/build/CMakeFiles/CMakeTmp/CheckSymbolExists.c
Linking C executable cmTC_203f0
/usr/bin/cmake -E cmake_link_script CMakeFiles/cmTC_203f0.dir/link.txt --verbose=1
/usr/bin/cc      -rdynamic CMakeFiles/cmTC_203f0.dir/CheckSymbolExists.c.o  -o cmTC_203f0 
CMakeFiles/cmTC_203f0.dir/CheckSymbolExists.c.o: En la función `main':
CheckSymbolExists.c:(.text+0x1b): referencia a `pthread_create' sin definir
collect2: error: ld returned 1 exit status
CMakeFiles/cmTC_203f0.dir/build.make:97: recipe for target 'cmTC_203f0' failed
make[1]: *** [cmTC_203f0] Error 1
make[1]: se sale del directorio '/home/freviriego/MAGVD_SLAM/Examples/ROS/ORB_SLAM2/build/CMakeFiles/CMakeTmp'
Makefile:126: recipe for target 'cmTC_203f0/fast' failed
make: *** [cmTC_203f0/fast] Error 2

File /home/freviriego/MAGVD_SLAM/Examples/ROS/ORB_SLAM2/build/CMakeFiles/CMakeTmp/CheckSymbolExists.c:
/* */
#include <pthread.h>

int main(int argc, char** argv)
{
  (void)argv;
#ifndef pthread_create
  return ((int*)(&pthread_create))[argc];
#else
  (void)argc;
  return 0;
#endif
}

Determining if the function pthread_create exists in the pthreads failed with the following output:
Change Dir: /home/freviriego/MAGVD_SLAM/Examples/ROS/ORB_SLAM2/build/CMakeFiles/CMakeTmp

Run Build Command:"/usr/bin/make" "cmTC_cf39a/fast"
/usr/bin/make -f CMakeFiles/cmTC_cf39a.dir/build.make CMakeFiles/cmTC_cf39a.dir/build
make[1]: se entra en el directorio '/home/freviriego/MAGVD_SLAM/Examples/ROS/ORB_SLAM2/build/CMakeFiles/CMakeTmp'
Building C object CMakeFiles/cmTC_cf39a.dir/CheckFunctionExists.c.o
/usr/bin/cc   -DCHECK_FUNCTION_EXISTS=pthread_create   -o CMakeFiles/cmTC_cf39a.dir/CheckFunctionExists.c.o   -c /usr/share/cmake-3.10/Modules/CheckFunctionExists.c
Linking C executable cmTC_cf39a
/usr/bin/cmake -E cmake_link_script CMakeFiles/cmTC_cf39a.dir/link.txt --verbose=1
/usr/bin/cc  -DCHECK_FUNCTION_EXISTS=pthread_create    -rdynamic CMakeFiles/cmTC_cf39a.dir/CheckFunctionExists.c.o  -o cmTC_cf39a -lpthreads 
/usr/bin/ld: no se puede encontrar -lpthreads
collect2: error: ld returned 1 exit status
CMakeFiles/cmTC_cf39a.dir/build.make:97: recipe for target 'cmTC_cf39a' failed
make[1]: *** [cmTC_cf39a] Error 1
make[1]: se sale del directorio '/home/freviriego/MAGVD_SLAM/Examples/ROS/ORB_SLAM2/build/CMakeFiles/CMakeTmp'
Makefile:126: recipe for target 'cmTC_cf39a/fast' failed
make: *** [cmTC_cf39a/fast] Error 2


